2017-06-25 00:31:52,329 spam.ham        ERROR    worker 1   Message no. 0
2017-06-25 00:31:52,353 spam.ham        INFO     worker 1   Message no. 1
2017-06-25 00:31:52,355 spam.ham.eggs   WARNING  worker 1   Message no. 2
2017-06-25 00:31:52,356 foo             DEBUG    worker 1   Message no. 3
2017-06-25 00:31:52,356 foo.bar         CRITICAL worker 1   Message no. 4
2017-06-25 00:31:52,356 spam.ham        ERROR    worker 1   Message no. 5
2017-06-25 00:31:52,357 foo.bar.baz     CRITICAL worker 1   Message no. 6
2017-06-25 00:31:52,357 foo             WARNING  worker 1   Message no. 7
2017-06-25 00:31:52,357 foo.bar         INFO     worker 1   Message no. 8
2017-06-25 00:31:52,357 spam.ham        ERROR    worker 1   Message no. 9
2017-06-25 00:31:52,357 spam.ham        CRITICAL worker 1   Message no. 10
2017-06-25 00:31:52,358 spam            WARNING  worker 1   Message no. 11
2017-06-25 00:31:52,358 foo.bar         WARNING  worker 1   Message no. 12
2017-06-25 00:31:52,358 foo.bar         INFO     worker 1   Message no. 13
2017-06-25 00:31:52,358 foo.bar         INFO     worker 1   Message no. 14
2017-06-25 00:31:52,358 foo             WARNING  worker 1   Message no. 15
2017-06-25 00:31:52,359 spam.ham.eggs   DEBUG    worker 1   Message no. 16
2017-06-25 00:31:52,359 spam.ham        WARNING  worker 1   Message no. 17
2017-06-25 00:31:52,359 spam            WARNING  worker 1   Message no. 18
2017-06-25 00:31:52,359 spam            INFO     worker 1   Message no. 19
2017-06-25 00:31:52,359 foo.bar.baz     WARNING  worker 1   Message no. 20
2017-06-25 00:31:52,360 foo             DEBUG    worker 1   Message no. 21
2017-06-25 00:31:52,360 foo.bar         DEBUG    worker 1   Message no. 22
2017-06-25 00:31:52,360 foo             ERROR    worker 1   Message no. 23
2017-06-25 00:31:52,360 spam            DEBUG    worker 1   Message no. 24
2017-06-25 00:31:52,360 spam.ham        WARNING  worker 1   Message no. 25
2017-06-25 00:31:52,361 foo.bar.baz     ERROR    worker 1   Message no. 26
2017-06-25 00:31:52,361 spam.ham.eggs   INFO     worker 1   Message no. 27
2017-06-25 00:31:52,361 spam            WARNING  worker 1   Message no. 28
2017-06-25 00:31:52,361 spam.ham        DEBUG    worker 1   Message no. 29
2017-06-25 00:31:52,361 foo             DEBUG    worker 1   Message no. 30
2017-06-25 00:31:52,361 spam.ham.eggs   INFO     worker 1   Message no. 31
2017-06-25 00:31:52,362 spam            CRITICAL worker 1   Message no. 32
2017-06-25 00:31:52,362 foo.bar         INFO     worker 1   Message no. 33
2017-06-25 00:31:52,362 spam.ham.eggs   WARNING  worker 1   Message no. 34
2017-06-25 00:31:52,364 foo             WARNING  worker 1   Message no. 35
2017-06-25 00:31:52,364 spam            CRITICAL worker 1   Message no. 36
2017-06-25 00:31:52,364 spam.ham        WARNING  worker 1   Message no. 37
2017-06-25 00:31:52,365 foo             CRITICAL worker 1   Message no. 38
2017-06-25 00:31:52,365 spam.ham        ERROR    worker 1   Message no. 39
2017-06-25 00:31:52,365 spam.ham.eggs   INFO     worker 1   Message no. 40
2017-06-25 00:31:52,365 spam            ERROR    worker 1   Message no. 41
2017-06-25 00:31:52,366 foo.bar         CRITICAL worker 1   Message no. 42
2017-06-25 00:31:52,366 foo.bar.baz     ERROR    worker 1   Message no. 43
2017-06-25 00:31:52,366 foo             DEBUG    worker 1   Message no. 44
2017-06-25 00:31:52,366 spam.ham        ERROR    worker 1   Message no. 45
2017-06-25 00:31:52,366 spam.ham        WARNING  worker 1   Message no. 46
2017-06-25 00:31:52,368 spam            ERROR    worker 1   Message no. 47
2017-06-25 00:31:52,368 spam            WARNING  worker 1   Message no. 48
2017-06-25 00:31:52,368 spam.ham.eggs   INFO     worker 1   Message no. 49
2017-06-25 00:31:52,368 foo             WARNING  worker 1   Message no. 50
2017-06-25 00:31:52,369 foo             DEBUG    worker 1   Message no. 51
2017-06-25 00:31:52,369 spam            CRITICAL worker 1   Message no. 52
2017-06-25 00:31:52,369 foo.bar         WARNING  worker 1   Message no. 53
2017-06-25 00:31:52,369 spam.ham        WARNING  worker 1   Message no. 54
2017-06-25 00:31:52,369 spam.ham        CRITICAL worker 1   Message no. 55
2017-06-25 00:31:52,369 foo.bar.baz     INFO     worker 1   Message no. 56
2017-06-25 00:31:52,370 foo.bar         WARNING  worker 1   Message no. 57
2017-06-25 00:31:52,370 spam.ham.eggs   CRITICAL worker 1   Message no. 58
2017-06-25 00:31:52,370 spam.ham.eggs   CRITICAL worker 1   Message no. 59
2017-06-25 00:31:52,370 foo             INFO     worker 1   Message no. 60
2017-06-25 00:31:52,370 spam            WARNING  worker 1   Message no. 61
2017-06-25 00:31:52,370 foo             ERROR    worker 1   Message no. 62
2017-06-25 00:31:52,371 foo.bar         WARNING  worker 1   Message no. 63
2017-06-25 00:31:52,371 foo.bar.baz     INFO     worker 1   Message no. 64
2017-06-25 00:31:52,371 foo.bar         WARNING  worker 1   Message no. 65
2017-06-25 00:31:52,371 foo             DEBUG    worker 1   Message no. 66
2017-06-25 00:31:52,371 foo             INFO     worker 1   Message no. 67
2017-06-25 00:31:52,372 foo.bar         INFO     worker 1   Message no. 68
2017-06-25 00:31:52,372 foo             CRITICAL worker 1   Message no. 69
2017-06-25 00:31:52,372 foo.bar         DEBUG    worker 1   Message no. 70
2017-06-25 00:31:52,372 foo.bar.baz     WARNING  worker 1   Message no. 71
2017-06-25 00:31:52,418 spam            INFO     worker 3   Message no. 0
2017-06-25 00:31:52,372 spam.ham        INFO     worker 1   Message no. 72
2017-06-25 00:31:52,372 spam.ham.eggs   INFO     worker 1   Message no. 73
2017-06-25 00:31:52,374 spam.ham.eggs   INFO     worker 1   Message no. 74
2017-06-25 00:31:52,443 foo.bar.baz     INFO     worker 3   Message no. 1
2017-06-25 00:31:52,374 spam            DEBUG    worker 1   Message no. 75
2017-06-25 00:31:52,374 spam.ham        WARNING  worker 1   Message no. 76
2017-06-25 00:31:52,374 spam.ham.eggs   DEBUG    worker 1   Message no. 77
2017-06-25 00:31:52,433 foo.bar.baz     WARNING  worker 2   Message no. 0
2017-06-25 00:31:52,375 spam            WARNING  worker 1   Message no. 78
2017-06-25 00:31:52,375 foo.bar         INFO     worker 1   Message no. 79
2017-06-25 00:31:52,444 spam.ham        DEBUG    worker 3   Message no. 2
2017-06-25 00:31:52,375 spam.ham.eggs   CRITICAL worker 1   Message no. 80
2017-06-25 00:31:52,375 spam            DEBUG    worker 1   Message no. 81
2017-06-25 00:31:52,375 spam.ham.eggs   WARNING  worker 1   Message no. 82
2017-06-25 00:31:52,456 spam.ham        ERROR    worker 2   Message no. 1
2017-06-25 00:31:52,376 spam.ham        ERROR    worker 1   Message no. 83
2017-06-25 00:31:52,376 spam            CRITICAL worker 1   Message no. 84
2017-06-25 00:31:52,376 spam.ham        INFO     worker 1   Message no. 85
2017-06-25 00:31:52,376 spam            ERROR    worker 1   Message no. 86
2017-06-25 00:31:52,445 spam.ham        INFO     worker 3   Message no. 3
2017-06-25 00:31:52,377 spam.ham.eggs   CRITICAL worker 1   Message no. 87
2017-06-25 00:31:52,445 spam.ham        WARNING  worker 3   Message no. 4
2017-06-25 00:31:52,457 spam.ham        INFO     worker 2   Message no. 2
2017-06-25 00:31:52,377 spam            INFO     worker 1   Message no. 88
2017-06-25 00:31:52,445 spam.ham.eggs   DEBUG    worker 3   Message no. 5
2017-06-25 00:31:52,377 foo.bar.baz     INFO     worker 1   Message no. 89
2017-06-25 00:31:52,445 foo.bar.baz     INFO     worker 3   Message no. 6
2017-06-25 00:31:52,457 spam.ham.eggs   INFO     worker 2   Message no. 3
2017-06-25 00:31:52,377 spam.ham.eggs   CRITICAL worker 1   Message no. 90
2017-06-25 00:31:52,445 foo.bar         CRITICAL worker 3   Message no. 7
2017-06-25 00:31:52,457 spam            WARNING  worker 2   Message no. 4
2017-06-25 00:31:52,377 spam.ham.eggs   WARNING  worker 1   Message no. 91
2017-06-25 00:31:52,446 spam            INFO     worker 3   Message no. 8
2017-06-25 00:31:52,458 spam.ham.eggs   INFO     worker 2   Message no. 5
2017-06-25 00:31:52,377 spam            CRITICAL worker 1   Message no. 92
2017-06-25 00:31:52,446 spam            INFO     worker 3   Message no. 9
2017-06-25 00:31:52,458 foo.bar         ERROR    worker 2   Message no. 6
2017-06-25 00:31:52,378 foo.bar         CRITICAL worker 1   Message no. 93
2017-06-25 00:31:52,446 foo.bar.baz     CRITICAL worker 3   Message no. 10
2017-06-25 00:31:52,458 foo.bar.baz     CRITICAL worker 2   Message no. 7
2017-06-25 00:31:52,378 foo             WARNING  worker 1   Message no. 94
2017-06-25 00:31:52,446 spam.ham.eggs   INFO     worker 3   Message no. 11
2017-06-25 00:31:52,378 foo             WARNING  worker 1   Message no. 95
2017-06-25 00:31:52,458 spam.ham.eggs   WARNING  worker 2   Message no. 8
2017-06-25 00:31:52,446 foo             INFO     worker 3   Message no. 12
2017-06-25 00:31:52,378 foo.bar.baz     CRITICAL worker 1   Message no. 96
2017-06-25 00:31:52,459 foo.bar.baz     ERROR    worker 2   Message no. 9
2017-06-25 00:31:52,447 foo             CRITICAL worker 3   Message no. 13
2017-06-25 00:31:52,378 foo.bar.baz     DEBUG    worker 1   Message no. 97
2017-06-25 00:31:52,495 spam            INFO     worker 4   Message no. 0
2017-06-25 00:31:52,459 foo             WARNING  worker 2   Message no. 10
2017-06-25 00:31:52,447 spam.ham        CRITICAL worker 3   Message no. 14
2017-06-25 00:31:52,379 foo             CRITICAL worker 1   Message no. 98
2017-06-25 00:31:52,459 foo.bar.baz     CRITICAL worker 2   Message no. 11
2017-06-25 00:31:52,447 spam            ERROR    worker 3   Message no. 15
2017-06-25 00:31:52,381 spam.ham.eggs   INFO     worker 1   Message no. 99
2017-06-25 00:31:52,498 spam            WARNING  worker 4   Message no. 1
2017-06-25 00:31:52,459 foo.bar.baz     CRITICAL worker 2   Message no. 12
2017-06-25 00:31:52,447 spam.ham        CRITICAL worker 3   Message no. 16
2017-06-25 00:31:52,459 spam.ham        CRITICAL worker 2   Message no. 13
2017-06-25 00:31:52,447 spam.ham        INFO     worker 3   Message no. 17
2017-06-25 00:31:52,499 foo             WARNING  worker 4   Message no. 2
2017-06-25 00:31:52,460 spam.ham        WARNING  worker 2   Message no. 14
2017-06-25 00:31:52,447 foo.bar         CRITICAL worker 3   Message no. 18
2017-06-25 00:31:52,460 foo             WARNING  worker 2   Message no. 15
2017-06-25 00:31:52,448 spam            DEBUG    worker 3   Message no. 19
2017-06-25 00:31:52,499 spam            WARNING  worker 4   Message no. 3
2017-06-25 00:31:52,460 spam.ham.eggs   INFO     worker 2   Message no. 16
2017-06-25 00:31:52,448 foo             INFO     worker 3   Message no. 20
2017-06-25 00:31:52,499 spam            INFO     worker 4   Message no. 4
2017-06-25 00:31:52,460 foo.bar.baz     DEBUG    worker 2   Message no. 17
2017-06-25 00:31:52,448 foo.bar.baz     WARNING  worker 3   Message no. 21
2017-06-25 00:31:52,499 foo.bar.baz     CRITICAL worker 4   Message no. 5
2017-06-25 00:31:52,460 spam.ham        INFO     worker 2   Message no. 18
2017-06-25 00:31:52,448 foo.bar.baz     ERROR    worker 3   Message no. 22
2017-06-25 00:31:52,500 spam.ham.eggs   WARNING  worker 4   Message no. 6
2017-06-25 00:31:52,461 foo             CRITICAL worker 2   Message no. 19
2017-06-25 00:31:52,449 foo             ERROR    worker 3   Message no. 23
2017-06-25 00:31:52,500 foo.bar         INFO     worker 4   Message no. 7
2017-06-25 00:31:52,461 foo.bar         INFO     worker 2   Message no. 20
2017-06-25 00:31:52,449 foo.bar.baz     ERROR    worker 3   Message no. 24
2017-06-25 00:31:52,500 spam.ham        CRITICAL worker 4   Message no. 8
2017-06-25 00:31:52,461 spam.ham.eggs   INFO     worker 2   Message no. 21
2017-06-25 00:31:52,449 spam            ERROR    worker 3   Message no. 25
2017-06-25 00:31:52,500 foo.bar         DEBUG    worker 4   Message no. 9
2017-06-25 00:31:52,461 foo             CRITICAL worker 2   Message no. 22
2017-06-25 00:31:52,450 foo.bar.baz     ERROR    worker 3   Message no. 26
2017-06-25 00:31:52,500 spam.ham.eggs   ERROR    worker 4   Message no. 10
2017-06-25 00:31:52,461 foo.bar.baz     ERROR    worker 2   Message no. 23
2017-06-25 00:31:52,450 foo.bar.baz     DEBUG    worker 3   Message no. 27
2017-06-25 00:31:52,501 spam            CRITICAL worker 4   Message no. 11
2017-06-25 00:31:52,462 foo.bar         DEBUG    worker 2   Message no. 24
2017-06-25 00:31:52,450 spam.ham.eggs   ERROR    worker 3   Message no. 28
2017-06-25 00:31:52,501 spam.ham        ERROR    worker 4   Message no. 12
2017-06-25 00:31:52,462 spam.ham.eggs   DEBUG    worker 2   Message no. 25
2017-06-25 00:31:52,450 spam            INFO     worker 3   Message no. 29
2017-06-25 00:31:52,501 foo.bar         WARNING  worker 4   Message no. 13
2017-06-25 00:31:52,462 spam.ham        INFO     worker 2   Message no. 26
2017-06-25 00:31:52,450 spam            ERROR    worker 3   Message no. 30
2017-06-25 00:31:52,501 foo             ERROR    worker 4   Message no. 14
2017-06-25 00:31:52,463 foo.bar.baz     DEBUG    worker 2   Message no. 27
2017-06-25 00:31:52,451 foo             WARNING  worker 3   Message no. 31
2017-06-25 00:31:52,501 foo             INFO     worker 4   Message no. 15
2017-06-25 00:31:52,463 foo.bar.baz     WARNING  worker 2   Message no. 28
2017-06-25 00:31:52,451 foo             DEBUG    worker 3   Message no. 32
2017-06-25 00:31:52,502 foo.bar.baz     WARNING  worker 4   Message no. 16
2017-06-25 00:31:52,463 foo.bar.baz     CRITICAL worker 2   Message no. 29
2017-06-25 00:31:52,451 spam            ERROR    worker 3   Message no. 33
2017-06-25 00:31:52,502 foo.bar.baz     WARNING  worker 4   Message no. 17
2017-06-25 00:31:52,463 foo             ERROR    worker 2   Message no. 30
2017-06-25 00:31:52,451 spam.ham        ERROR    worker 3   Message no. 34
2017-06-25 00:31:52,502 foo             INFO     worker 4   Message no. 18
2017-06-25 00:31:52,463 foo             CRITICAL worker 2   Message no. 31
2017-06-25 00:31:52,451 foo.bar         DEBUG    worker 3   Message no. 35
2017-06-25 00:31:52,502 foo.bar         CRITICAL worker 4   Message no. 19
2017-06-25 00:31:52,464 foo.bar         INFO     worker 2   Message no. 32
2017-06-25 00:31:52,578 spam            ERROR    worker 5   Message no. 0
2017-06-25 00:31:52,452 foo.bar.baz     DEBUG    worker 3   Message no. 36
2017-06-25 00:31:52,502 spam.ham        DEBUG    worker 4   Message no. 20
2017-06-25 00:31:52,464 foo.bar         ERROR    worker 2   Message no. 33
2017-06-25 00:31:52,452 spam.ham.eggs   INFO     worker 3   Message no. 37
2017-06-25 00:31:52,503 foo.bar.baz     ERROR    worker 4   Message no. 21
2017-06-25 00:31:52,580 foo             DEBUG    worker 5   Message no. 1
2017-06-25 00:31:52,464 foo.bar         ERROR    worker 2   Message no. 34
2017-06-25 00:31:52,452 spam.ham        CRITICAL worker 3   Message no. 38
2017-06-25 00:31:52,503 spam.ham        CRITICAL worker 4   Message no. 22
2017-06-25 00:31:52,464 foo.bar.baz     WARNING  worker 2   Message no. 35
2017-06-25 00:31:52,453 foo.bar         ERROR    worker 3   Message no. 39
2017-06-25 00:31:52,503 foo             ERROR    worker 4   Message no. 23
2017-06-25 00:31:52,581 spam.ham        WARNING  worker 5   Message no. 2
2017-06-25 00:31:52,464 foo             WARNING  worker 2   Message no. 36
2017-06-25 00:31:52,453 foo.bar         ERROR    worker 3   Message no. 40
2017-06-25 00:31:52,503 spam            DEBUG    worker 4   Message no. 24
2017-06-25 00:31:52,464 foo.bar         INFO     worker 2   Message no. 37
2017-06-25 00:31:52,453 spam.ham        WARNING  worker 3   Message no. 41
2017-06-25 00:31:52,504 spam            INFO     worker 4   Message no. 25
2017-06-25 00:31:52,465 spam            DEBUG    worker 2   Message no. 38
2017-06-25 00:31:52,453 spam.ham        WARNING  worker 3   Message no. 42
2017-06-25 00:31:52,581 spam.ham.eggs   INFO     worker 5   Message no. 3
2017-06-25 00:31:52,504 spam.ham        INFO     worker 4   Message no. 26
2017-06-25 00:31:52,465 spam            DEBUG    worker 2   Message no. 39
2017-06-25 00:31:52,453 foo.bar         CRITICAL worker 3   Message no. 43
2017-06-25 00:31:52,581 foo             CRITICAL worker 5   Message no. 4
2017-06-25 00:31:52,504 foo             WARNING  worker 4   Message no. 27
2017-06-25 00:31:52,465 spam.ham        CRITICAL worker 2   Message no. 40
2017-06-25 00:31:52,454 foo.bar.baz     DEBUG    worker 3   Message no. 44
2017-06-25 00:31:52,581 spam.ham        WARNING  worker 5   Message no. 5
2017-06-25 00:31:52,504 foo.bar         WARNING  worker 4   Message no. 28
2017-06-25 00:31:52,465 foo             WARNING  worker 2   Message no. 41
2017-06-25 00:31:52,454 foo.bar         WARNING  worker 3   Message no. 45
2017-06-25 00:31:52,581 spam            WARNING  worker 5   Message no. 6
2017-06-25 00:31:52,504 spam            WARNING  worker 4   Message no. 29
2017-06-25 00:31:52,465 foo.bar.baz     DEBUG    worker 2   Message no. 42
2017-06-25 00:31:52,454 spam            INFO     worker 3   Message no. 46
2017-06-25 00:31:52,582 spam.ham.eggs   INFO     worker 5   Message no. 7
2017-06-25 00:31:52,505 foo.bar         CRITICAL worker 4   Message no. 30
2017-06-25 00:31:52,465 foo.bar.baz     DEBUG    worker 2   Message no. 43
2017-06-25 00:31:52,454 spam.ham.eggs   WARNING  worker 3   Message no. 47
2017-06-25 00:31:52,582 spam            DEBUG    worker 5   Message no. 8
2017-06-25 00:31:52,505 foo.bar         ERROR    worker 4   Message no. 31
2017-06-25 00:31:52,466 spam.ham        INFO     worker 2   Message no. 44
2017-06-25 00:31:52,455 spam.ham.eggs   INFO     worker 3   Message no. 48
2017-06-25 00:31:52,582 foo.bar.baz     INFO     worker 5   Message no. 9
2017-06-25 00:31:52,505 spam.ham.eggs   DEBUG    worker 4   Message no. 32
2017-06-25 00:31:52,466 foo.bar.baz     WARNING  worker 2   Message no. 45
2017-06-25 00:31:52,455 spam.ham        ERROR    worker 3   Message no. 49
2017-06-25 00:31:52,582 spam            ERROR    worker 5   Message no. 10
2017-06-25 00:31:52,505 foo             DEBUG    worker 4   Message no. 33
2017-06-25 00:31:52,466 spam            INFO     worker 2   Message no. 46
2017-06-25 00:31:52,455 spam.ham.eggs   INFO     worker 3   Message no. 50
2017-06-25 00:31:52,582 spam.ham.eggs   CRITICAL worker 5   Message no. 11
2017-06-25 00:31:52,505 spam            INFO     worker 4   Message no. 34
2017-06-25 00:31:52,466 foo.bar         INFO     worker 2   Message no. 47
2017-06-25 00:31:52,455 spam.ham        CRITICAL worker 3   Message no. 51
2017-06-25 00:31:52,583 foo.bar         INFO     worker 5   Message no. 12
2017-06-25 00:31:52,505 spam.ham        INFO     worker 4   Message no. 35
2017-06-25 00:31:52,466 spam.ham.eggs   INFO     worker 2   Message no. 48
2017-06-25 00:31:52,455 spam.ham        WARNING  worker 3   Message no. 52
2017-06-25 00:31:52,583 foo.bar         ERROR    worker 5   Message no. 13
2017-06-25 00:31:52,506 spam            DEBUG    worker 4   Message no. 36
2017-06-25 00:31:52,467 foo             ERROR    worker 2   Message no. 49
2017-06-25 00:31:52,456 spam.ham.eggs   CRITICAL worker 3   Message no. 53
2017-06-25 00:31:52,583 foo.bar.baz     CRITICAL worker 5   Message no. 14
2017-06-25 00:31:52,506 foo.bar.baz     INFO     worker 4   Message no. 37
2017-06-25 00:31:52,467 spam.ham.eggs   ERROR    worker 2   Message no. 50
2017-06-25 00:31:52,456 spam.ham.eggs   WARNING  worker 3   Message no. 54
2017-06-25 00:31:52,583 spam.ham        WARNING  worker 5   Message no. 15
2017-06-25 00:31:52,506 spam.ham.eggs   CRITICAL worker 4   Message no. 38
2017-06-25 00:31:52,467 spam.ham.eggs   CRITICAL worker 2   Message no. 51
2017-06-25 00:31:52,456 foo             CRITICAL worker 3   Message no. 55
2017-06-25 00:31:52,583 spam.ham        DEBUG    worker 5   Message no. 16
2017-06-25 00:31:52,506 foo.bar         INFO     worker 4   Message no. 39
2017-06-25 00:31:52,467 foo.bar.baz     DEBUG    worker 2   Message no. 52
2017-06-25 00:31:52,456 foo             CRITICAL worker 3   Message no. 56
2017-06-25 00:31:52,583 foo.bar.baz     INFO     worker 5   Message no. 17
2017-06-25 00:31:52,506 spam            CRITICAL worker 4   Message no. 40
2017-06-25 00:31:52,468 spam.ham        DEBUG    worker 2   Message no. 53
2017-06-25 00:31:52,456 spam            WARNING  worker 3   Message no. 57
2017-06-25 00:31:52,584 foo             CRITICAL worker 5   Message no. 18
2017-06-25 00:31:52,506 spam.ham.eggs   CRITICAL worker 4   Message no. 41
2017-06-25 00:31:52,468 foo.bar.baz     INFO     worker 2   Message no. 54
2017-06-25 00:31:52,456 foo             WARNING  worker 3   Message no. 58
2017-06-25 00:31:52,584 spam            DEBUG    worker 5   Message no. 19
2017-06-25 00:31:52,506 spam.ham        DEBUG    worker 4   Message no. 42
2017-06-25 00:31:52,468 foo.bar.baz     CRITICAL worker 2   Message no. 55
2017-06-25 00:31:52,457 foo             ERROR    worker 3   Message no. 59
2017-06-25 00:31:52,584 spam.ham        DEBUG    worker 5   Message no. 20
2017-06-25 00:31:52,507 foo             DEBUG    worker 4   Message no. 43
2017-06-25 00:31:52,468 foo             CRITICAL worker 2   Message no. 56
2017-06-25 00:31:52,457 foo.bar.baz     CRITICAL worker 3   Message no. 60
2017-06-25 00:31:52,584 foo.bar         ERROR    worker 5   Message no. 21
2017-06-25 00:31:52,507 foo.bar         DEBUG    worker 4   Message no. 44
2017-06-25 00:31:52,468 foo.bar.baz     DEBUG    worker 2   Message no. 57
2017-06-25 00:31:52,457 spam.ham.eggs   WARNING  worker 3   Message no. 61
2017-06-25 00:31:52,584 foo.bar.baz     DEBUG    worker 5   Message no. 22
2017-06-25 00:31:52,507 spam            CRITICAL worker 4   Message no. 45
2017-06-25 00:31:52,469 spam.ham        ERROR    worker 2   Message no. 58
2017-06-25 00:31:52,457 foo.bar         WARNING  worker 3   Message no. 62
2017-06-25 00:31:52,584 spam.ham        DEBUG    worker 5   Message no. 23
2017-06-25 00:31:52,507 spam            INFO     worker 4   Message no. 46
2017-06-25 00:31:52,469 spam.ham.eggs   INFO     worker 2   Message no. 59
2017-06-25 00:31:52,457 spam            INFO     worker 3   Message no. 63
2017-06-25 00:31:52,584 spam.ham        ERROR    worker 5   Message no. 24
2017-06-25 00:31:52,507 foo             WARNING  worker 4   Message no. 47
2017-06-25 00:31:52,469 foo             WARNING  worker 2   Message no. 60
2017-06-25 00:31:52,457 spam.ham.eggs   CRITICAL worker 3   Message no. 64
2017-06-25 00:31:52,585 foo.bar         DEBUG    worker 5   Message no. 25
2017-06-25 00:31:52,507 foo.bar.baz     INFO     worker 4   Message no. 48
2017-06-25 00:31:52,469 foo.bar.baz     INFO     worker 2   Message no. 61
2017-06-25 00:31:52,458 foo.bar.baz     INFO     worker 3   Message no. 65
2017-06-25 00:31:52,586 spam            ERROR    worker 5   Message no. 26
2017-06-25 00:31:52,509 foo.bar.baz     CRITICAL worker 4   Message no. 49
2017-06-25 00:31:52,469 spam.ham.eggs   WARNING  worker 2   Message no. 62
2017-06-25 00:31:52,458 spam            CRITICAL worker 3   Message no. 66
2017-06-25 00:31:52,586 spam            INFO     worker 5   Message no. 27
2017-06-25 00:31:52,509 foo.bar.baz     WARNING  worker 4   Message no. 50
2017-06-25 00:31:52,470 spam.ham.eggs   INFO     worker 2   Message no. 63
2017-06-25 00:31:52,458 spam.ham        CRITICAL worker 3   Message no. 67
2017-06-25 00:31:52,586 foo             INFO     worker 5   Message no. 28
2017-06-25 00:31:52,509 foo.bar         WARNING  worker 4   Message no. 51
2017-06-25 00:31:52,470 spam.ham.eggs   DEBUG    worker 2   Message no. 64
2017-06-25 00:31:52,458 foo.bar.baz     INFO     worker 3   Message no. 68
2017-06-25 00:31:52,586 spam            ERROR    worker 5   Message no. 29
2017-06-25 00:31:52,509 foo.bar.baz     CRITICAL worker 4   Message no. 52
2017-06-25 00:31:52,470 spam.ham        DEBUG    worker 2   Message no. 65
2017-06-25 00:31:52,458 foo.bar         INFO     worker 3   Message no. 69
2017-06-25 00:31:52,586 spam            INFO     worker 5   Message no. 30
2017-06-25 00:31:52,510 spam.ham        INFO     worker 4   Message no. 53
2017-06-25 00:31:52,470 foo.bar.baz     ERROR    worker 2   Message no. 66
2017-06-25 00:31:52,459 spam            ERROR    worker 3   Message no. 70
2017-06-25 00:31:52,586 foo             DEBUG    worker 5   Message no. 31
2017-06-25 00:31:52,510 spam.ham.eggs   WARNING  worker 4   Message no. 54
2017-06-25 00:31:52,470 spam.ham        ERROR    worker 2   Message no. 67
2017-06-25 00:31:52,459 spam.ham.eggs   DEBUG    worker 3   Message no. 71
2017-06-25 00:31:52,587 foo             CRITICAL worker 5   Message no. 32
2017-06-25 00:31:52,510 spam.ham.eggs   DEBUG    worker 4   Message no. 55
2017-06-25 00:31:52,471 spam.ham        CRITICAL worker 2   Message no. 68
2017-06-25 00:31:52,459 spam.ham        CRITICAL worker 3   Message no. 72
2017-06-25 00:31:52,587 spam            DEBUG    worker 5   Message no. 33
2017-06-25 00:31:52,510 foo.bar         DEBUG    worker 4   Message no. 56
2017-06-25 00:31:52,471 spam.ham.eggs   CRITICAL worker 2   Message no. 69
2017-06-25 00:31:52,460 foo             WARNING  worker 3   Message no. 73
2017-06-25 00:31:52,587 foo.bar.baz     ERROR    worker 5   Message no. 34
2017-06-25 00:31:52,510 foo.bar         DEBUG    worker 4   Message no. 57
2017-06-25 00:31:52,471 spam            WARNING  worker 2   Message no. 70
2017-06-25 00:31:52,460 foo.bar.baz     DEBUG    worker 3   Message no. 74
2017-06-25 00:31:52,587 foo.bar.baz     ERROR    worker 5   Message no. 35
2017-06-25 00:31:52,511 foo             INFO     worker 4   Message no. 58
2017-06-25 00:31:52,471 spam            DEBUG    worker 2   Message no. 71
2017-06-25 00:31:52,460 foo.bar.baz     CRITICAL worker 3   Message no. 75
2017-06-25 00:31:52,511 foo.bar.baz     CRITICAL worker 4   Message no. 59
2017-06-25 00:31:52,587 spam.ham.eggs   INFO     worker 5   Message no. 36
2017-06-25 00:31:52,471 foo.bar         DEBUG    worker 2   Message no. 72
2017-06-25 00:31:52,460 foo.bar         DEBUG    worker 3   Message no. 76
2017-06-25 00:31:52,511 foo.bar         INFO     worker 4   Message no. 60
2017-06-25 00:31:52,587 foo.bar.baz     CRITICAL worker 5   Message no. 37
2017-06-25 00:31:52,472 spam.ham.eggs   DEBUG    worker 2   Message no. 73
2017-06-25 00:31:52,461 foo.bar         WARNING  worker 3   Message no. 77
2017-06-25 00:31:52,511 spam.ham        WARNING  worker 4   Message no. 61
2017-06-25 00:31:52,588 spam.ham.eggs   DEBUG    worker 5   Message no. 38
2017-06-25 00:31:52,472 foo.bar.baz     ERROR    worker 2   Message no. 74
2017-06-25 00:31:52,461 spam            WARNING  worker 3   Message no. 78
2017-06-25 00:31:52,511 spam            DEBUG    worker 4   Message no. 62
2017-06-25 00:31:52,588 foo             WARNING  worker 5   Message no. 39
2017-06-25 00:31:52,472 spam            ERROR    worker 2   Message no. 75
2017-06-25 00:31:52,461 spam.ham.eggs   ERROR    worker 3   Message no. 79
2017-06-25 00:31:52,512 spam            DEBUG    worker 4   Message no. 63
2017-06-25 00:31:52,473 spam.ham        WARNING  worker 2   Message no. 76
2017-06-25 00:31:52,588 foo.bar.baz     CRITICAL worker 5   Message no. 40
2017-06-25 00:31:52,461 foo.bar.baz     INFO     worker 3   Message no. 80
2017-06-25 00:31:52,512 spam.ham        ERROR    worker 4   Message no. 64
2017-06-25 00:31:52,473 spam.ham.eggs   ERROR    worker 2   Message no. 77
2017-06-25 00:31:52,588 foo.bar         ERROR    worker 5   Message no. 41
2017-06-25 00:31:52,461 spam            ERROR    worker 3   Message no. 81
2017-06-25 00:31:52,512 foo.bar.baz     INFO     worker 4   Message no. 65
2017-06-25 00:31:52,473 spam.ham.eggs   CRITICAL worker 2   Message no. 78
2017-06-25 00:31:52,588 foo.bar         CRITICAL worker 5   Message no. 42
2017-06-25 00:31:52,462 foo.bar.baz     INFO     worker 3   Message no. 82
2017-06-25 00:31:52,512 foo.bar         DEBUG    worker 4   Message no. 66
2017-06-25 00:31:52,473 foo.bar         DEBUG    worker 2   Message no. 79
2017-06-25 00:31:52,588 spam.ham        ERROR    worker 5   Message no. 43
2017-06-25 00:31:52,462 spam            CRITICAL worker 3   Message no. 83
2017-06-25 00:31:52,512 spam.ham.eggs   WARNING  worker 4   Message no. 67
2017-06-25 00:31:52,473 foo.bar.baz     WARNING  worker 2   Message no. 80
2017-06-25 00:31:52,588 foo.bar.baz     CRITICAL worker 5   Message no. 44
2017-06-25 00:31:52,462 spam            INFO     worker 3   Message no. 84
2017-06-25 00:31:52,512 spam.ham.eggs   CRITICAL worker 4   Message no. 68
2017-06-25 00:31:52,474 spam            INFO     worker 2   Message no. 81
2017-06-25 00:31:52,589 spam.ham.eggs   ERROR    worker 5   Message no. 45
2017-06-25 00:31:52,462 foo.bar.baz     ERROR    worker 3   Message no. 85
2017-06-25 00:31:52,513 foo             ERROR    worker 4   Message no. 69
2017-06-25 00:31:52,474 spam.ham.eggs   ERROR    worker 2   Message no. 82
2017-06-25 00:31:52,589 spam            WARNING  worker 5   Message no. 46
2017-06-25 00:31:52,462 foo.bar.baz     WARNING  worker 3   Message no. 86
2017-06-25 00:31:52,513 foo.bar.baz     INFO     worker 4   Message no. 70
2017-06-25 00:31:52,474 spam.ham        WARNING  worker 2   Message no. 83
2017-06-25 00:31:52,589 foo             DEBUG    worker 5   Message no. 47
2017-06-25 00:31:52,463 foo.bar         INFO     worker 3   Message no. 87
2017-06-25 00:31:52,513 foo.bar.baz     ERROR    worker 4   Message no. 71
2017-06-25 00:31:52,474 foo             WARNING  worker 2   Message no. 84
2017-06-25 00:31:52,589 foo.bar         WARNING  worker 5   Message no. 48
2017-06-25 00:31:52,463 spam.ham        WARNING  worker 3   Message no. 88
2017-06-25 00:31:52,513 foo             ERROR    worker 4   Message no. 72
2017-06-25 00:31:52,474 spam.ham        DEBUG    worker 2   Message no. 85
2017-06-25 00:31:52,589 spam            ERROR    worker 5   Message no. 49
2017-06-25 00:31:52,463 foo             CRITICAL worker 3   Message no. 89
2017-06-25 00:31:52,513 foo.bar         ERROR    worker 4   Message no. 73
2017-06-25 00:31:52,475 foo.bar.baz     DEBUG    worker 2   Message no. 86
2017-06-25 00:31:52,589 spam            ERROR    worker 5   Message no. 50
2017-06-25 00:31:52,463 spam.ham.eggs   CRITICAL worker 3   Message no. 90
2017-06-25 00:31:52,514 spam.ham        CRITICAL worker 4   Message no. 74
2017-06-25 00:31:52,475 spam            INFO     worker 2   Message no. 87
2017-06-25 00:31:52,589 spam            DEBUG    worker 5   Message no. 51
2017-06-25 00:31:52,463 spam            WARNING  worker 3   Message no. 91
2017-06-25 00:31:52,514 spam.ham        INFO     worker 4   Message no. 75
2017-06-25 00:31:52,475 spam.ham        INFO     worker 2   Message no. 88
2017-06-25 00:31:52,589 foo.bar.baz     INFO     worker 5   Message no. 52
2017-06-25 00:31:52,463 spam.ham.eggs   ERROR    worker 3   Message no. 92
2017-06-25 00:31:52,514 spam            ERROR    worker 4   Message no. 76
2017-06-25 00:31:52,475 foo             CRITICAL worker 2   Message no. 89
2017-06-25 00:31:52,590 foo.bar.baz     CRITICAL worker 5   Message no. 53
2017-06-25 00:31:52,464 foo.bar.baz     CRITICAL worker 3   Message no. 93
2017-06-25 00:31:52,514 foo.bar         ERROR    worker 4   Message no. 77
2017-06-25 00:31:52,476 spam            INFO     worker 2   Message no. 90
2017-06-25 00:31:52,590 foo.bar.baz     CRITICAL worker 5   Message no. 54
2017-06-25 00:31:52,464 spam            ERROR    worker 3   Message no. 94
2017-06-25 00:31:52,514 spam.ham.eggs   ERROR    worker 4   Message no. 78
2017-06-25 00:31:52,476 foo.bar.baz     DEBUG    worker 2   Message no. 91
2017-06-25 00:31:52,590 foo.bar.baz     WARNING  worker 5   Message no. 55
2017-06-25 00:31:52,464 foo             INFO     worker 3   Message no. 95
2017-06-25 00:31:52,515 spam            DEBUG    worker 4   Message no. 79
2017-06-25 00:31:52,476 spam.ham        ERROR    worker 2   Message no. 92
2017-06-25 00:31:52,590 spam            DEBUG    worker 5   Message no. 56
2017-06-25 00:31:52,464 spam.ham.eggs   DEBUG    worker 3   Message no. 96
2017-06-25 00:31:52,515 foo.bar.baz     ERROR    worker 4   Message no. 80
2017-06-25 00:31:52,476 foo.bar.baz     INFO     worker 2   Message no. 93
2017-06-25 00:31:52,590 spam            INFO     worker 5   Message no. 57
2017-06-25 00:31:52,464 spam.ham        ERROR    worker 3   Message no. 97
2017-06-25 00:31:52,515 foo.bar.baz     ERROR    worker 4   Message no. 81
2017-06-25 00:31:52,476 foo.bar         DEBUG    worker 2   Message no. 94
2017-06-25 00:31:52,590 spam            ERROR    worker 5   Message no. 58
2017-06-25 00:31:52,465 foo.bar         WARNING  worker 3   Message no. 98
2017-06-25 00:31:52,515 spam.ham.eggs   DEBUG    worker 4   Message no. 82
2017-06-25 00:31:52,477 spam.ham        ERROR    worker 2   Message no. 95
2017-06-25 00:31:52,590 spam.ham.eggs   ERROR    worker 5   Message no. 59
2017-06-25 00:31:52,465 foo.bar.baz     DEBUG    worker 3   Message no. 99
2017-06-25 00:31:52,515 spam.ham        CRITICAL worker 4   Message no. 83
2017-06-25 00:31:52,477 spam            ERROR    worker 2   Message no. 96
2017-06-25 00:31:52,590 foo.bar         DEBUG    worker 5   Message no. 60
2017-06-25 00:31:52,515 spam            DEBUG    worker 4   Message no. 84
2017-06-25 00:31:52,477 spam.ham.eggs   WARNING  worker 2   Message no. 97
2017-06-25 00:31:52,590 spam.ham.eggs   DEBUG    worker 5   Message no. 61
2017-06-25 00:31:52,516 spam.ham.eggs   CRITICAL worker 4   Message no. 85
2017-06-25 00:31:52,477 foo.bar         INFO     worker 2   Message no. 98
2017-06-25 00:31:52,591 spam            ERROR    worker 5   Message no. 62
2017-06-25 00:31:52,516 spam            INFO     worker 4   Message no. 86
2017-06-25 00:31:52,478 spam            ERROR    worker 2   Message no. 99
2017-06-25 00:31:52,591 foo.bar         CRITICAL worker 5   Message no. 63
2017-06-25 00:31:52,516 spam            CRITICAL worker 4   Message no. 87
2017-06-25 00:31:52,591 foo             WARNING  worker 5   Message no. 64
2017-06-25 00:31:52,516 spam.ham.eggs   CRITICAL worker 4   Message no. 88
2017-06-25 00:31:52,591 spam.ham        CRITICAL worker 5   Message no. 65
2017-06-25 00:31:52,516 spam            ERROR    worker 4   Message no. 89
2017-06-25 00:31:52,592 spam.ham        DEBUG    worker 5   Message no. 66
2017-06-25 00:31:52,517 foo.bar         INFO     worker 4   Message no. 90
2017-06-25 00:31:52,592 spam.ham.eggs   CRITICAL worker 5   Message no. 67
2017-06-25 00:31:52,517 spam.ham.eggs   ERROR    worker 4   Message no. 91
2017-06-25 00:31:52,592 foo.bar.baz     ERROR    worker 5   Message no. 68
2017-06-25 00:31:52,517 spam            INFO     worker 4   Message no. 92
2017-06-25 00:31:52,592 foo             WARNING  worker 5   Message no. 69
2017-06-25 00:31:52,517 spam            CRITICAL worker 4   Message no. 93
2017-06-25 00:31:52,592 spam.ham.eggs   DEBUG    worker 5   Message no. 70
2017-06-25 00:31:52,517 foo.bar         ERROR    worker 4   Message no. 94
2017-06-25 00:31:52,592 spam.ham.eggs   DEBUG    worker 5   Message no. 71
2017-06-25 00:31:52,518 spam            ERROR    worker 4   Message no. 95
2017-06-25 00:31:52,593 spam.ham        DEBUG    worker 5   Message no. 72
2017-06-25 00:31:52,518 spam.ham.eggs   INFO     worker 4   Message no. 96
2017-06-25 00:31:52,593 spam            WARNING  worker 5   Message no. 73
2017-06-25 00:31:52,518 spam.ham.eggs   CRITICAL worker 4   Message no. 97
2017-06-25 00:31:52,593 spam.ham.eggs   WARNING  worker 5   Message no. 74
2017-06-25 00:31:52,518 foo             INFO     worker 4   Message no. 98
2017-06-25 00:31:52,518 spam            INFO     worker 4   Message no. 99
2017-06-25 00:31:52,593 foo.bar.baz     CRITICAL worker 5   Message no. 75
2017-06-25 00:31:52,593 spam.ham.eggs   DEBUG    worker 5   Message no. 76
2017-06-25 00:31:52,593 foo.bar         CRITICAL worker 5   Message no. 77
2017-06-25 00:31:52,593 spam.ham.eggs   INFO     worker 5   Message no. 78
2017-06-25 00:31:52,594 spam.ham.eggs   INFO     worker 5   Message no. 79
2017-06-25 00:31:52,594 foo.bar.baz     ERROR    worker 5   Message no. 80
2017-06-25 00:31:52,594 spam            DEBUG    worker 5   Message no. 81
2017-06-25 00:31:52,594 foo.bar         CRITICAL worker 5   Message no. 82
2017-06-25 00:31:52,594 spam.ham        DEBUG    worker 5   Message no. 83
2017-06-25 00:31:52,594 foo.bar         WARNING  worker 5   Message no. 84
2017-06-25 00:31:52,594 foo             ERROR    worker 5   Message no. 85
2017-06-25 00:31:52,595 spam            INFO     worker 5   Message no. 86
2017-06-25 00:31:52,595 foo.bar         DEBUG    worker 5   Message no. 87
2017-06-25 00:31:52,595 foo             INFO     worker 5   Message no. 88
2017-06-25 00:31:52,595 spam            ERROR    worker 5   Message no. 89
2017-06-25 00:31:52,595 foo.bar         DEBUG    worker 5   Message no. 90
2017-06-25 00:31:52,596 foo.bar         WARNING  worker 5   Message no. 91
2017-06-25 00:31:52,596 spam            DEBUG    worker 5   Message no. 92
2017-06-25 00:31:52,596 foo             WARNING  worker 5   Message no. 93
2017-06-25 00:31:52,597 foo             ERROR    worker 5   Message no. 94
2017-06-25 00:31:52,597 spam.ham.eggs   CRITICAL worker 5   Message no. 95
2017-06-25 00:31:52,597 spam.ham        CRITICAL worker 5   Message no. 96
2017-06-25 00:31:52,597 spam            ERROR    worker 5   Message no. 97
2017-06-25 00:31:52,597 foo.bar.baz     CRITICAL worker 5   Message no. 98
2017-06-25 00:31:52,598 spam.ham        WARNING  worker 5   Message no. 99
